<?xml version="1.0" encoding="UTF-8"?>
<!-- Generated by org.testng.reporters.JUnitReportReporter -->
<testsuite hostname="DESKTOP-QNHJ5Q7" name="restAssured.TC_01_ListUsers" tests="4" failures="0" timestamp="10 Nov 2022 07:44:42 GMT" time="0.143" errors="0">
  <testcase name="verifyStatusCode" time="0.001" classname="restAssured.TC_01_ListUsers"/>
  <testcase name="verifyContentType" time="0.004" classname="restAssured.TC_01_ListUsers"/>
  <testcase name="verifyListUsers" time="0.134" classname="restAssured.TC_01_ListUsers"/>
  <testcase name="verifyTransferEncoding" time="0.004" classname="restAssured.TC_01_ListUsers"/>
</testsuite> <!-- restAssured.TC_01_ListUsers -->
