<?xml version="1.0" encoding="UTF-8"?>
<!-- Generated by org.testng.reporters.JUnitReportReporter -->
<testsuite hostname="DESKTOP-QNHJ5Q7" name="restAssured.TC_07_StaticImport_Ex4" tests="1" failures="0" timestamp="11 Nov 2022 07:50:49 GMT" time="3.776" errors="0">
  <testcase name="createUser" time="3.776" classname="restAssured.TC_07_StaticImport_Ex4"/>
</testsuite> <!-- restAssured.TC_07_StaticImport_Ex4 -->
