<?xml version="1.0" encoding="UTF-8"?>
<!-- Generated by org.testng.reporters.JUnitReportReporter -->
<testsuite hostname="DESKTOP-QNHJ5Q7" name="restAssured.TC_07_GitHub_Ex5" tests="1" failures="0" timestamp="14 Nov 2022 05:15:37 GMT" time="5.442" errors="0">
  <testcase name="createUser" time="5.442" classname="restAssured.TC_07_GitHub_Ex5"/>
</testsuite> <!-- restAssured.TC_07_GitHub_Ex5 -->
