<?xml version="1.0" encoding="UTF-8"?>
<!-- Generated by org.testng.reporters.JUnitReportReporter -->
<testsuite hostname="DESKTOP-QNHJ5Q7" name="restAssured.TC_02_CreateUser" tests="1" failures="0" timestamp="11 Nov 2022 06:22:15 GMT" time="4.611" errors="0">
  <testcase name="createUser" time="4.611" classname="restAssured.TC_02_CreateUser"/>
</testsuite> <!-- restAssured.TC_02_CreateUser -->
