<?xml version="1.0" encoding="UTF-8"?>
<!-- Generated by org.testng.reporters.JUnitReportReporter -->
<testsuite hostname="DESKTOP-QNHJ5Q7" name="restAssured.TC_04_StaticImport_Ex1" tests="4" failures="0" timestamp="11 Nov 2022 07:21:17 GMT" time="6.309" errors="0">
  <testcase name="createUser" time="0.517" classname="restAssured.TC_04_StaticImport_Ex1"/>
  <testcase name="createUser" time="0.518" classname="restAssured.TC_04_StaticImport_Ex1"/>
  <testcase name="createUser" time="4.540" classname="restAssured.TC_04_StaticImport_Ex1"/>
  <testcase name="createUser" time="0.734" classname="restAssured.TC_04_StaticImport_Ex1"/>
</testsuite> <!-- restAssured.TC_04_StaticImport_Ex1 -->
