<?xml version="1.0" encoding="UTF-8"?>
<!-- Generated by org.testng.reporters.JUnitReportReporter -->
<testsuite hostname="DESKTOP-QNHJ5Q7" name="restAssured.TC_03_UpdateUser" tests="1" failures="0" timestamp="11 Nov 2022 06:31:59 GMT" time="3.375" errors="0">
  <testcase name="createUser" time="3.375" classname="restAssured.TC_03_UpdateUser"/>
</testsuite> <!-- restAssured.TC_03_UpdateUser -->
