<?xml version="1.0" encoding="UTF-8"?>
<!-- Generated by org.testng.reporters.JUnitReportReporter -->
<testsuite hostname="DESKTOP-QNHJ5Q7" name="restAssured.TC_04_StaticImport_Ex2" tests="1" failures="0" timestamp="11 Nov 2022 07:24:08 GMT" time="4.673" errors="0">
  <testcase name="createUser" time="4.673" classname="restAssured.TC_04_StaticImport_Ex2"/>
</testsuite> <!-- restAssured.TC_04_StaticImport_Ex2 -->
