<?xml version="1.0" encoding="UTF-8"?>
<!-- Generated by org.testng.reporters.JUnitReportReporter -->
<testsuite hostname="DESKTOP-QNHJ5Q7" name="restAssured.TC_06_StaticImport_Ex3" tests="1" failures="0" timestamp="11 Nov 2022 07:27:57 GMT" time="3.702" errors="0">
  <testcase name="createUser" time="3.702" classname="restAssured.TC_06_StaticImport_Ex3"/>
</testsuite> <!-- restAssured.TC_06_StaticImport_Ex3 -->
