<?xml version="1.0" encoding="UTF-8"?>
<!-- Generated by org.testng.reporters.JUnitReportReporter -->
<testsuite hostname="DESKTOP-QNHJ5Q7" name="restAssured.TC_01_ListUsers" tests="4" failures="0" timestamp="10 Nov 2022 08:00:44 GMT" time="0.129" errors="0">
  <testcase name="verifyContentType" time="0.006" classname="restAssured.TC_01_ListUsers"/>
  <testcase name="verifyListUsers" time="0.122" classname="restAssured.TC_01_ListUsers"/>
  <testcase name="verifyStatusCode" time="0.001" classname="restAssured.TC_01_ListUsers"/>
  <testcase name="verifyTransferEncoding" time="0.000" classname="restAssured.TC_01_ListUsers"/>
</testsuite> <!-- restAssured.TC_01_ListUsers -->
